TN:
SF:bonus.js
FN:44,(anonymous_0)
FNF:1
FNH:1
FNDA:16,(anonymous_0)
DA:2,1
DA:44,1
DA:45,16
DA:46,5
DA:49,11
DA:50,5
DA:53,6
DA:54,19
DA:56,19
DA:57,4
DA:58,1
DA:60,3
DA:63,2
DA:66,1
LF:14
LH:14
BRDA:45,0,0,5
BRDA:45,0,1,11
BRDA:45,1,0,16
BRDA:45,1,1,13
BRDA:49,2,0,5
BRDA:49,2,1,6
BRDA:49,3,0,11
BRDA:49,3,1,7
BRDA:56,4,0,4
BRDA:56,4,1,15
BRDA:57,5,0,1
BRDA:57,5,1,3
BRF:12
BRH:12
end_of_record
TN:
SF:hydrate.js
FN:1,(anonymous_0)
FNF:1
FNH:1
FNDA:5,(anonymous_0)
DA:1,1
DA:2,5
DA:3,5
DA:4,5
DA:5,5
DA:6,12
DA:7,12
DA:10,5
DA:11,1
DA:13,4
DA:16,1
LF:11
LH:11
BRDA:6,0,0,12
BRDA:6,0,1,0
BRDA:6,1,0,12
BRDA:6,1,1,12
BRDA:10,2,0,1
BRDA:10,2,1,4
BRF:6
BRH:5
end_of_record
TN:
SF:myFizzBuzz.js
FN:1,(anonymous_0)
FNF:1
FNH:1
FNDA:5,(anonymous_0)
DA:1,1
DA:2,5
DA:3,4
DA:4,3
DA:5,2
DA:6,1
DA:9,1
LF:7
LH:7
BRDA:2,0,0,1
BRDA:2,0,1,4
BRDA:3,1,0,1
BRDA:3,1,1,3
BRDA:3,2,0,4
BRDA:3,2,1,2
BRDA:4,3,0,1
BRDA:4,3,1,2
BRDA:5,4,0,1
BRDA:5,4,1,1
BRF:10
BRH:10
end_of_record
TN:
SF:myRemove.js
FN:1,(anonymous_0)
FNF:1
FNH:1
FNDA:3,(anonymous_0)
DA:1,1
DA:2,3
DA:3,11
DA:4,1
DA:7,3
DA:12,1
LF:6
LH:6
BRDA:3,0,0,1
BRDA:3,0,1,10
BRF:2
BRH:2
end_of_record
TN:
SF:sum.js
FN:1,(anonymous_0)
FNF:1
FNH:1
FNDA:5,(anonymous_0)
DA:1,1
DA:2,5
DA:3,2
DA:5,3
DA:8,1
LF:5
LH:5
BRDA:2,0,0,2
BRDA:2,0,1,3
BRDA:2,1,0,5
BRDA:2,1,1,5
BRF:4
BRH:4
end_of_record
TN:
SF:techList.js
FN:1,(anonymous_0)
FNF:1
FNH:1
FNDA:2,(anonymous_0)
DA:1,1
DA:2,2
DA:3,2
DA:4,1
DA:6,1
DA:7,1
DA:8,5
DA:9,5
DA:11,1
DA:14,1
LF:10
LH:10
BRDA:3,0,0,1
BRDA:3,0,1,1
BRDA:3,1,0,2
BRDA:3,1,1,1
BRDA:3,1,2,1
BRF:5
BRH:5
end_of_record
